  [1m[36m (216.5ms)[0m  [1mCREATE TABLE "schema_migrations" ("version" character varying NOT NULL) [0m
  [1m[35m (18.9ms)[0m  CREATE UNIQUE INDEX  "unique_schema_migrations" ON "schema_migrations"  ("version")
  [1m[36mActiveRecord::SchemaMigration Load (0.8ms)[0m  [1mSELECT "schema_migrations".* FROM "schema_migrations"[0m
Migrating to CreateUsers (20160126145813)
  [1m[35m (9.9ms)[0m  BEGIN
  [1m[36m (120.6ms)[0m  [1mCREATE TABLE "users" ("id" serial primary key, "first_name" character varying NOT NULL, "last_name" character varying NOT NULL, "email" character varying NOT NULL, "password_digest" character varying NOT NULL, "session_token" character varying NOT NULL, "created_at" timestamp NOT NULL, "updated_at" timestamp NOT NULL) [0m
  [1m[35m (1.4ms)[0m  CREATE UNIQUE INDEX  "index_users_on_email" ON "users"  ("email")
  [1m[36m (1.4ms)[0m  [1mCREATE UNIQUE INDEX  "index_users_on_session_token" ON "users"  ("session_token")[0m
  [1m[35mSQL (29.9ms)[0m  INSERT INTO "schema_migrations" ("version") VALUES ($1)  [["version", "20160126145813"]]
  [1m[36m (1.3ms)[0m  [1mCOMMIT[0m
  [1m[35mActiveRecord::SchemaMigration Load (0.7ms)[0m  SELECT "schema_migrations".* FROM "schema_migrations"
  [1m[36m (19.3ms)[0m  [1mSELECT t2.oid::regclass::text AS to_table, a1.attname AS column, a2.attname AS primary_key, c.conname AS name, c.confupdtype AS on_update, c.confdeltype AS on_delete
FROM pg_constraint c
JOIN pg_class t1 ON c.conrelid = t1.oid
JOIN pg_class t2 ON c.confrelid = t2.oid
JOIN pg_attribute a1 ON a1.attnum = c.conkey[1] AND a1.attrelid = t1.oid
JOIN pg_attribute a2 ON a2.attnum = c.confkey[1] AND a2.attrelid = t2.oid
JOIN pg_namespace t3 ON c.connamespace = t3.oid
WHERE c.contype = 'f'
  AND t1.relname = 'users'
  AND t3.nspname = ANY (current_schemas(false))
ORDER BY c.conname
[0m


Started GET "/" for ::1 at 2016-01-26 12:15:26 -0500
  [1m[36mActiveRecord::SchemaMigration Load (0.5ms)[0m  [1mSELECT "schema_migrations".* FROM "schema_migrations"[0m
Processing by StaticPagesController#homepage as HTML
Completed 500 Internal Server Error in 49ms (ActiveRecord: 4.2ms)

ActionView::MissingTemplate - Missing template static_pages/homepage, application/homepage with {:locale=>[:en], :formats=>[:html], :variants=>[], :handlers=>[:erb, :builder, :raw, :ruby, :coffee, :jbuilder]}. Searched in:
  * "/Users/appacademy/Desktop/Capstone-Project/app/views"
:
  actionview (4.2.5) lib/action_view/path_set.rb:46:in `find'
  actionview (4.2.5) lib/action_view/lookup_context.rb:121:in `find'
  actionview (4.2.5) lib/action_view/renderer/abstract_renderer.rb:18:in `find_template'
  actionview (4.2.5) lib/action_view/renderer/template_renderer.rb:40:in `determine_template'
  actionview (4.2.5) lib/action_view/renderer/template_renderer.rb:8:in `render'
  actionview (4.2.5) lib/action_view/renderer/renderer.rb:42:in `render_template'
  actionview (4.2.5) lib/action_view/renderer/renderer.rb:23:in `render'
  actionview (4.2.5) lib/action_view/rendering.rb:100:in `_render_template'
  actionpack (4.2.5) lib/action_controller/metal/streaming.rb:217:in `_render_template'
  actionview (4.2.5) lib/action_view/rendering.rb:83:in `render_to_body'
  actionpack (4.2.5) lib/action_controller/metal/rendering.rb:32:in `render_to_body'
  actionpack (4.2.5) lib/action_controller/metal/renderers.rb:37:in `render_to_body'
  actionpack (4.2.5) lib/abstract_controller/rendering.rb:25:in `render'
  actionpack (4.2.5) lib/action_controller/metal/rendering.rb:16:in `render'
  actionpack (4.2.5) lib/action_controller/metal/instrumentation.rb:44:in `block (2 levels) in render'
  activesupport (4.2.5) lib/active_support/core_ext/benchmark.rb:12:in `block in ms'
  /usr/local/var/rbenv/versions/2.1.2/lib/ruby/2.1.0/benchmark.rb:294:in `realtime'
  activesupport (4.2.5) lib/active_support/core_ext/benchmark.rb:12:in `ms'
  actionpack (4.2.5) lib/action_controller/metal/instrumentation.rb:44:in `block in render'
  actionpack (4.2.5) lib/action_controller/metal/instrumentation.rb:87:in `cleanup_view_runtime'
  activerecord (4.2.5) lib/active_record/railties/controller_runtime.rb:25:in `cleanup_view_runtime'
  actionpack (4.2.5) lib/action_controller/metal/instrumentation.rb:43:in `render'
  actionpack (4.2.5) lib/action_controller/metal/implicit_render.rb:10:in `default_render'
  actionpack (4.2.5) lib/action_controller/metal/implicit_render.rb:5:in `send_action'
  actionpack (4.2.5) lib/abstract_controller/base.rb:198:in `process_action'
  actionpack (4.2.5) lib/action_controller/metal/rendering.rb:10:in `process_action'
  actionpack (4.2.5) lib/abstract_controller/callbacks.rb:20:in `block in process_action'
  activesupport (4.2.5) lib/active_support/callbacks.rb:117:in `call'
  activesupport (4.2.5) lib/active_support/callbacks.rb:555:in `block (2 levels) in compile'
  activesupport (4.2.5) lib/active_support/callbacks.rb:505:in `call'
  activesupport (4.2.5) lib/active_support/callbacks.rb:92:in `__run_callbacks__'
  activesupport (4.2.5) lib/active_support/callbacks.rb:778:in `_run_process_action_callbacks'
  activesupport (4.2.5) lib/active_support/callbacks.rb:81:in `run_callbacks'
  actionpack (4.2.5) lib/abstract_controller/callbacks.rb:19:in `process_action'
  actionpack (4.2.5) lib/action_controller/metal/rescue.rb:29:in `process_action'
  actionpack (4.2.5) lib/action_controller/metal/instrumentation.rb:32:in `block in process_action'
  activesupport (4.2.5) lib/active_support/notifications.rb:164:in `block in instrument'
  activesupport (4.2.5) lib/active_support/notifications/instrumenter.rb:20:in `instrument'
  activesupport (4.2.5) lib/active_support/notifications.rb:164:in `instrument'
  actionpack (4.2.5) lib/action_controller/metal/instrumentation.rb:30:in `process_action'
  actionpack (4.2.5) lib/action_controller/metal/params_wrapper.rb:250:in `process_action'
  activerecord (4.2.5) lib/active_record/railties/controller_runtime.rb:18:in `process_action'
  actionpack (4.2.5) lib/abstract_controller/base.rb:137:in `process'
  actionview (4.2.5) lib/action_view/rendering.rb:30:in `process'
  actionpack (4.2.5) lib/action_controller/metal.rb:196:in `dispatch'
  actionpack (4.2.5) lib/action_controller/metal/rack_delegation.rb:13:in `dispatch'
  actionpack (4.2.5) lib/action_controller/metal.rb:237:in `block in action'
  actionpack (4.2.5) lib/action_dispatch/routing/route_set.rb:76:in `dispatch'
  actionpack (4.2.5) lib/action_dispatch/routing/route_set.rb:45:in `serve'
  actionpack (4.2.5) lib/action_dispatch/journey/router.rb:43:in `block in serve'
  actionpack (4.2.5) lib/action_dispatch/journey/router.rb:30:in `serve'
  actionpack (4.2.5) lib/action_dispatch/routing/route_set.rb:817:in `call'
  rack (1.6.4) lib/rack/etag.rb:24:in `call'
  rack (1.6.4) lib/rack/conditionalget.rb:25:in `call'
  rack (1.6.4) lib/rack/head.rb:13:in `call'
  actionpack (4.2.5) lib/action_dispatch/middleware/params_parser.rb:27:in `call'
  actionpack (4.2.5) lib/action_dispatch/middleware/flash.rb:260:in `call'
  rack (1.6.4) lib/rack/session/abstract/id.rb:225:in `context'
  rack (1.6.4) lib/rack/session/abstract/id.rb:220:in `call'
  actionpack (4.2.5) lib/action_dispatch/middleware/cookies.rb:560:in `call'
  activerecord (4.2.5) lib/active_record/query_cache.rb:36:in `call'
  activerecord (4.2.5) lib/active_record/connection_adapters/abstract/connection_pool.rb:653:in `call'
  activerecord (4.2.5) lib/active_record/migration.rb:377:in `call'
  actionpack (4.2.5) lib/action_dispatch/middleware/callbacks.rb:29:in `block in call'
  activesupport (4.2.5) lib/active_support/callbacks.rb:88:in `__run_callbacks__'
  activesupport (4.2.5) lib/active_support/callbacks.rb:778:in `_run_call_callbacks'
  activesupport (4.2.5) lib/active_support/callbacks.rb:81:in `run_callbacks'
  actionpack (4.2.5) lib/action_dispatch/middleware/callbacks.rb:27:in `call'
  actionpack (4.2.5) lib/action_dispatch/middleware/reloader.rb:73:in `call'
  actionpack (4.2.5) lib/action_dispatch/middleware/remote_ip.rb:78:in `call'
  better_errors (2.1.1) lib/better_errors/middleware.rb:84:in `protected_app_call'
  better_errors (2.1.1) lib/better_errors/middleware.rb:79:in `better_errors_call'
  better_errors (2.1.1) lib/better_errors/middleware.rb:57:in `call'
  actionpack (4.2.5) lib/action_dispatch/middleware/debug_exceptions.rb:17:in `call'
  web-console (2.2.1) lib/web_console/middleware.rb:39:in `call'
  actionpack (4.2.5) lib/action_dispatch/middleware/show_exceptions.rb:30:in `call'
  railties (4.2.5) lib/rails/rack/logger.rb:38:in `call_app'
  railties (4.2.5) lib/rails/rack/logger.rb:20:in `block in call'
  activesupport (4.2.5) lib/active_support/tagged_logging.rb:68:in `block in tagged'
  activesupport (4.2.5) lib/active_support/tagged_logging.rb:26:in `tagged'
  activesupport (4.2.5) lib/active_support/tagged_logging.rb:68:in `tagged'
  railties (4.2.5) lib/rails/rack/logger.rb:20:in `call'
  actionpack (4.2.5) lib/action_dispatch/middleware/request_id.rb:21:in `call'
  rack (1.6.4) lib/rack/methodoverride.rb:22:in `call'
  rack (1.6.4) lib/rack/runtime.rb:18:in `call'
  activesupport (4.2.5) lib/active_support/cache/strategy/local_cache_middleware.rb:28:in `call'
  rack (1.6.4) lib/rack/lock.rb:17:in `call'
  actionpack (4.2.5) lib/action_dispatch/middleware/static.rb:116:in `call'
  rack (1.6.4) lib/rack/sendfile.rb:113:in `call'
  railties (4.2.5) lib/rails/engine.rb:518:in `call'
  railties (4.2.5) lib/rails/application.rb:165:in `call'
  rack (1.6.4) lib/rack/lock.rb:17:in `call'
  rack (1.6.4) lib/rack/content_length.rb:15:in `call'
  rack (1.6.4) lib/rack/handler/webrick.rb:88:in `service'
  /usr/local/var/rbenv/versions/2.1.2/lib/ruby/2.1.0/webrick/httpserver.rb:138:in `service'
  /usr/local/var/rbenv/versions/2.1.2/lib/ruby/2.1.0/webrick/httpserver.rb:94:in `run'
  /usr/local/var/rbenv/versions/2.1.2/lib/ruby/2.1.0/webrick/server.rb:295:in `block in start_thread'



Started GET "/" for ::1 at 2016-01-26 12:15:26 -0500
Processing by StaticPagesController#homepage as HTML
Completed 500 Internal Server Error in 10ms (ActiveRecord: 0.0ms)

ActionView::MissingTemplate - Missing template static_pages/homepage, application/homepage with {:locale=>[:en], :formats=>[:html], :variants=>[], :handlers=>[:erb, :builder, :raw, :ruby, :coffee, :jbuilder]}. Searched in:
  * "/Users/appacademy/Desktop/Capstone-Project/app/views"
:
  actionview (4.2.5) lib/action_view/path_set.rb:46:in `find'
  actionview (4.2.5) lib/action_view/lookup_context.rb:121:in `find'
  actionview (4.2.5) lib/action_view/renderer/abstract_renderer.rb:18:in `find_template'
  actionview (4.2.5) lib/action_view/renderer/template_renderer.rb:40:in `determine_template'
  actionview (4.2.5) lib/action_view/renderer/template_renderer.rb:8:in `render'
  actionview (4.2.5) lib/action_view/renderer/renderer.rb:42:in `render_template'
  actionview (4.2.5) lib/action_view/renderer/renderer.rb:23:in `render'
  actionview (4.2.5) lib/action_view/rendering.rb:100:in `_render_template'
  actionpack (4.2.5) lib/action_controller/metal/streaming.rb:217:in `_render_template'
  actionview (4.2.5) lib/action_view/rendering.rb:83:in `render_to_body'
  actionpack (4.2.5) lib/action_controller/metal/rendering.rb:32:in `render_to_body'
  actionpack (4.2.5) lib/action_controller/metal/renderers.rb:37:in `render_to_body'
  actionpack (4.2.5) lib/abstract_controller/rendering.rb:25:in `render'
  actionpack (4.2.5) lib/action_controller/metal/rendering.rb:16:in `render'
  actionpack (4.2.5) lib/action_controller/metal/instrumentation.rb:44:in `block (2 levels) in render'
  activesupport (4.2.5) lib/active_support/core_ext/benchmark.rb:12:in `block in ms'
  /usr/local/var/rbenv/versions/2.1.2/lib/ruby/2.1.0/benchmark.rb:294:in `realtime'
  activesupport (4.2.5) lib/active_support/core_ext/benchmark.rb:12:in `ms'
  actionpack (4.2.5) lib/action_controller/metal/instrumentation.rb:44:in `block in render'
  actionpack (4.2.5) lib/action_controller/metal/instrumentation.rb:87:in `cleanup_view_runtime'
  activerecord (4.2.5) lib/active_record/railties/controller_runtime.rb:25:in `cleanup_view_runtime'
  actionpack (4.2.5) lib/action_controller/metal/instrumentation.rb:43:in `render'
  actionpack (4.2.5) lib/action_controller/metal/implicit_render.rb:10:in `default_render'
  actionpack (4.2.5) lib/action_controller/metal/implicit_render.rb:5:in `send_action'
  actionpack (4.2.5) lib/abstract_controller/base.rb:198:in `process_action'
  actionpack (4.2.5) lib/action_controller/metal/rendering.rb:10:in `process_action'
  actionpack (4.2.5) lib/abstract_controller/callbacks.rb:20:in `block in process_action'
  activesupport (4.2.5) lib/active_support/callbacks.rb:117:in `call'
  activesupport (4.2.5) lib/active_support/callbacks.rb:555:in `block (2 levels) in compile'
  activesupport (4.2.5) lib/active_support/callbacks.rb:505:in `call'
  activesupport (4.2.5) lib/active_support/callbacks.rb:92:in `__run_callbacks__'
  activesupport (4.2.5) lib/active_support/callbacks.rb:778:in `_run_process_action_callbacks'
  activesupport (4.2.5) lib/active_support/callbacks.rb:81:in `run_callbacks'
  actionpack (4.2.5) lib/abstract_controller/callbacks.rb:19:in `process_action'
  actionpack (4.2.5) lib/action_controller/metal/rescue.rb:29:in `process_action'
  actionpack (4.2.5) lib/action_controller/metal/instrumentation.rb:32:in `block in process_action'
  activesupport (4.2.5) lib/active_support/notifications.rb:164:in `block in instrument'
  activesupport (4.2.5) lib/active_support/notifications/instrumenter.rb:20:in `instrument'
  activesupport (4.2.5) lib/active_support/notifications.rb:164:in `instrument'
  actionpack (4.2.5) lib/action_controller/metal/instrumentation.rb:30:in `process_action'
  actionpack (4.2.5) lib/action_controller/metal/params_wrapper.rb:250:in `process_action'
  activerecord (4.2.5) lib/active_record/railties/controller_runtime.rb:18:in `process_action'
  actionpack (4.2.5) lib/abstract_controller/base.rb:137:in `process'
  actionview (4.2.5) lib/action_view/rendering.rb:30:in `process'
  actionpack (4.2.5) lib/action_controller/metal.rb:196:in `dispatch'
  actionpack (4.2.5) lib/action_controller/metal/rack_delegation.rb:13:in `dispatch'
  actionpack (4.2.5) lib/action_controller/metal.rb:237:in `block in action'
  actionpack (4.2.5) lib/action_dispatch/routing/route_set.rb:76:in `dispatch'
  actionpack (4.2.5) lib/action_dispatch/routing/route_set.rb:45:in `serve'
  actionpack (4.2.5) lib/action_dispatch/journey/router.rb:43:in `block in serve'
  actionpack (4.2.5) lib/action_dispatch/journey/router.rb:30:in `serve'
  actionpack (4.2.5) lib/action_dispatch/routing/route_set.rb:817:in `call'
  rack (1.6.4) lib/rack/etag.rb:24:in `call'
  rack (1.6.4) lib/rack/conditionalget.rb:25:in `call'
  rack (1.6.4) lib/rack/head.rb:13:in `call'
  actionpack (4.2.5) lib/action_dispatch/middleware/params_parser.rb:27:in `call'
  actionpack (4.2.5) lib/action_dispatch/middleware/flash.rb:260:in `call'
  rack (1.6.4) lib/rack/session/abstract/id.rb:225:in `context'
  rack (1.6.4) lib/rack/session/abstract/id.rb:220:in `call'
  actionpack (4.2.5) lib/action_dispatch/middleware/cookies.rb:560:in `call'
  activerecord (4.2.5) lib/active_record/query_cache.rb:36:in `call'
  activerecord (4.2.5) lib/active_record/connection_adapters/abstract/connection_pool.rb:653:in `call'
  activerecord (4.2.5) lib/active_record/migration.rb:377:in `call'
  actionpack (4.2.5) lib/action_dispatch/middleware/callbacks.rb:29:in `block in call'
  activesupport (4.2.5) lib/active_support/callbacks.rb:88:in `__run_callbacks__'
  activesupport (4.2.5) lib/active_support/callbacks.rb:778:in `_run_call_callbacks'
  activesupport (4.2.5) lib/active_support/callbacks.rb:81:in `run_callbacks'
  actionpack (4.2.5) lib/action_dispatch/middleware/callbacks.rb:27:in `call'
  actionpack (4.2.5) lib/action_dispatch/middleware/reloader.rb:73:in `call'
  actionpack (4.2.5) lib/action_dispatch/middleware/remote_ip.rb:78:in `call'
  better_errors (2.1.1) lib/better_errors/middleware.rb:84:in `protected_app_call'
  better_errors (2.1.1) lib/better_errors/middleware.rb:79:in `better_errors_call'
  better_errors (2.1.1) lib/better_errors/middleware.rb:57:in `call'
  actionpack (4.2.5) lib/action_dispatch/middleware/debug_exceptions.rb:17:in `call'
  web-console (2.2.1) lib/web_console/middleware.rb:39:in `call'
  actionpack (4.2.5) lib/action_dispatch/middleware/show_exceptions.rb:30:in `call'
  railties (4.2.5) lib/rails/rack/logger.rb:38:in `call_app'
  railties (4.2.5) lib/rails/rack/logger.rb:20:in `block in call'
  activesupport (4.2.5) lib/active_support/tagged_logging.rb:68:in `block in tagged'
  activesupport (4.2.5) lib/active_support/tagged_logging.rb:26:in `tagged'
  activesupport (4.2.5) lib/active_support/tagged_logging.rb:68:in `tagged'
  railties (4.2.5) lib/rails/rack/logger.rb:20:in `call'
  actionpack (4.2.5) lib/action_dispatch/middleware/request_id.rb:21:in `call'
  rack (1.6.4) lib/rack/methodoverride.rb:22:in `call'
  rack (1.6.4) lib/rack/runtime.rb:18:in `call'
  activesupport (4.2.5) lib/active_support/cache/strategy/local_cache_middleware.rb:28:in `call'
  rack (1.6.4) lib/rack/lock.rb:17:in `call'
  actionpack (4.2.5) lib/action_dispatch/middleware/static.rb:116:in `call'
  rack (1.6.4) lib/rack/sendfile.rb:113:in `call'
  railties (4.2.5) lib/rails/engine.rb:518:in `call'
  railties (4.2.5) lib/rails/application.rb:165:in `call'
  rack (1.6.4) lib/rack/lock.rb:17:in `call'
  rack (1.6.4) lib/rack/content_length.rb:15:in `call'
  rack (1.6.4) lib/rack/handler/webrick.rb:88:in `service'
  /usr/local/var/rbenv/versions/2.1.2/lib/ruby/2.1.0/webrick/httpserver.rb:138:in `service'
  /usr/local/var/rbenv/versions/2.1.2/lib/ruby/2.1.0/webrick/httpserver.rb:94:in `run'
  /usr/local/var/rbenv/versions/2.1.2/lib/ruby/2.1.0/webrick/server.rb:295:in `block in start_thread'



Started POST "/__better_errors/8e76cca14c293ce3/variables" for ::1 at 2016-01-26 12:15:26 -0500


Started GET "/" for ::1 at 2016-01-26 12:26:39 -0500
Processing by StaticPagesController#homepage as HTML
  Rendered static_pages/homepage.html.erb within layouts/application (20.6ms)
Completed 200 OK in 1733ms (Views: 1723.3ms | ActiveRecord: 2.3ms)


Started GET "/assets/users.self-e3b0c44298fc1c149afbf4c8996fb92427ae41e4649b934ca495991b7852b855.css?body=1" for ::1 at 2016-01-26 12:26:40 -0500


Started GET "/assets/application.self-377610cd7c1509e934744c810e3b4cf672dfbcacac3274e7d039827e2ae0fcc7.js?body=1" for ::1 at 2016-01-26 12:26:40 -0500


Started GET "/assets/users.self-877aef30ae1b040ab8a3aba4e3e309a11d7f2612f44dde450b5c157aa5f95c05.js?body=1" for ::1 at 2016-01-26 12:26:40 -0500


Started GET "/assets/application.self-e80e8f2318043e8af94dddc2adad5a4f09739a8ebb323b3ab31cd71d45fd9113.css?body=1" for ::1 at 2016-01-26 12:26:40 -0500


Started GET "/assets/jquery.self-c64a74367bda6ef8b860f19e74df08927ca99d2be2ac934e9e92d5fd361e0da4.js?body=1" for ::1 at 2016-01-26 12:26:40 -0500


Started GET "/assets/jquery_ujs.self-d602bdfe68ffc63b9f9cc512872aa3cfff046228a0a36e90dd476e8ef54c1b09.js?body=1" for ::1 at 2016-01-26 12:26:40 -0500


Started GET "/" for ::1 at 2016-01-26 12:26:51 -0500
Processing by StaticPagesController#homepage as HTML
  Rendered static_pages/homepage.html.erb within layouts/application (0.6ms)
Completed 200 OK in 38ms (Views: 37.6ms | ActiveRecord: 0.0ms)


Started GET "/assets/users.self-e3b0c44298fc1c149afbf4c8996fb92427ae41e4649b934ca495991b7852b855.css?body=1" for ::1 at 2016-01-26 12:26:51 -0500


Started GET "/assets/jquery.self-c64a74367bda6ef8b860f19e74df08927ca99d2be2ac934e9e92d5fd361e0da4.js?body=1" for ::1 at 2016-01-26 12:26:51 -0500


Started GET "/assets/application.self-e80e8f2318043e8af94dddc2adad5a4f09739a8ebb323b3ab31cd71d45fd9113.css?body=1" for ::1 at 2016-01-26 12:26:51 -0500


Started GET "/assets/application.self-377610cd7c1509e934744c810e3b4cf672dfbcacac3274e7d039827e2ae0fcc7.js?body=1" for ::1 at 2016-01-26 12:26:51 -0500


Started GET "/assets/jquery_ujs.self-d602bdfe68ffc63b9f9cc512872aa3cfff046228a0a36e90dd476e8ef54c1b09.js?body=1" for ::1 at 2016-01-26 12:26:51 -0500


Started GET "/assets/users.self-877aef30ae1b040ab8a3aba4e3e309a11d7f2612f44dde450b5c157aa5f95c05.js?body=1" for ::1 at 2016-01-26 12:26:51 -0500
DEPRECATION WARNING: Defining a route where `to` is a symbol is deprecated. Please change `to: :show` to `action: :show`. (called from block (2 levels) in <top (required)> at /Users/appacademy/Desktop/Capstone-Project/config/routes.rb:3)
DEPRECATION WARNING: Defining a route where `to` is a controller without an action is deprecated. Please change `to: 'users/settings'` to `controller: 'users/settings'`. (called from block (2 levels) in <top (required)> at /Users/appacademy/Desktop/Capstone-Project/config/routes.rb:3)


Started POST "/users_url" for ::1 at 2016-01-26 13:17:16 -0500

ActionController::RoutingError (No route matches [POST] "/users_url"):
  actionpack (4.2.5) lib/action_dispatch/middleware/debug_exceptions.rb:21:in `call'
  web-console (2.2.1) lib/web_console/middleware.rb:39:in `call'
  actionpack (4.2.5) lib/action_dispatch/middleware/show_exceptions.rb:30:in `call'
  railties (4.2.5) lib/rails/rack/logger.rb:38:in `call_app'
  railties (4.2.5) lib/rails/rack/logger.rb:20:in `block in call'
  activesupport (4.2.5) lib/active_support/tagged_logging.rb:68:in `block in tagged'
  activesupport (4.2.5) lib/active_support/tagged_logging.rb:26:in `tagged'
  activesupport (4.2.5) lib/active_support/tagged_logging.rb:68:in `tagged'
  railties (4.2.5) lib/rails/rack/logger.rb:20:in `call'
  actionpack (4.2.5) lib/action_dispatch/middleware/request_id.rb:21:in `call'
  rack (1.6.4) lib/rack/methodoverride.rb:22:in `call'
  rack (1.6.4) lib/rack/runtime.rb:18:in `call'
  activesupport (4.2.5) lib/active_support/cache/strategy/local_cache_middleware.rb:28:in `call'
  rack (1.6.4) lib/rack/lock.rb:17:in `call'
  actionpack (4.2.5) lib/action_dispatch/middleware/static.rb:116:in `call'
  rack (1.6.4) lib/rack/sendfile.rb:113:in `call'
  railties (4.2.5) lib/rails/engine.rb:518:in `call'
  railties (4.2.5) lib/rails/application.rb:165:in `call'
  rack (1.6.4) lib/rack/lock.rb:17:in `call'
  rack (1.6.4) lib/rack/content_length.rb:15:in `call'
  rack (1.6.4) lib/rack/handler/webrick.rb:88:in `service'
  /usr/local/var/rbenv/versions/2.1.2/lib/ruby/2.1.0/webrick/httpserver.rb:138:in `service'
  /usr/local/var/rbenv/versions/2.1.2/lib/ruby/2.1.0/webrick/httpserver.rb:94:in `run'
  /usr/local/var/rbenv/versions/2.1.2/lib/ruby/2.1.0/webrick/server.rb:295:in `block in start_thread'


  Rendered /usr/local/var/rbenv/versions/2.1.2/lib/ruby/gems/2.1.0/gems/actionpack-4.2.5/lib/action_dispatch/middleware/templates/rescues/_trace.html.erb (1.4ms)
  Rendered /usr/local/var/rbenv/versions/2.1.2/lib/ruby/gems/2.1.0/gems/actionpack-4.2.5/lib/action_dispatch/middleware/templates/routes/_route.html.erb (0.9ms)
  Rendered /usr/local/var/rbenv/versions/2.1.2/lib/ruby/gems/2.1.0/gems/actionpack-4.2.5/lib/action_dispatch/middleware/templates/routes/_table.html.erb (18.4ms)
  Rendered /usr/local/var/rbenv/versions/2.1.2/lib/ruby/gems/2.1.0/gems/actionpack-4.2.5/lib/action_dispatch/middleware/templates/rescues/_request_and_response.html.erb (1.6ms)
  Rendered /usr/local/var/rbenv/versions/2.1.2/lib/ruby/gems/2.1.0/gems/actionpack-4.2.5/lib/action_dispatch/middleware/templates/rescues/routing_error.html.erb within rescues/layout (62.2ms)
  Rendered /usr/local/var/rbenv/versions/2.1.2/lib/ruby/gems/2.1.0/gems/web-console-2.2.1/lib/web_console/templates/_markup.html.erb (0.4ms)
  Rendered /usr/local/var/rbenv/versions/2.1.2/lib/ruby/gems/2.1.0/gems/web-console-2.2.1/lib/web_console/templates/_inner_console_markup.html.erb within layouts/inlined_string (0.5ms)
  Rendered /usr/local/var/rbenv/versions/2.1.2/lib/ruby/gems/2.1.0/gems/web-console-2.2.1/lib/web_console/templates/_prompt_box_markup.html.erb within layouts/inlined_string (0.3ms)
  Rendered /usr/local/var/rbenv/versions/2.1.2/lib/ruby/gems/2.1.0/gems/web-console-2.2.1/lib/web_console/templates/style.css.erb within layouts/inlined_string (0.4ms)
  Rendered /usr/local/var/rbenv/versions/2.1.2/lib/ruby/gems/2.1.0/gems/web-console-2.2.1/lib/web_console/templates/console.js.erb within layouts/javascript (21.6ms)
  Rendered /usr/local/var/rbenv/versions/2.1.2/lib/ruby/gems/2.1.0/gems/web-console-2.2.1/lib/web_console/templates/main.js.erb within layouts/javascript (0.3ms)
  Rendered /usr/local/var/rbenv/versions/2.1.2/lib/ruby/gems/2.1.0/gems/web-console-2.2.1/lib/web_console/templates/error_page.js.erb within layouts/javascript (0.4ms)
  Rendered /usr/local/var/rbenv/versions/2.1.2/lib/ruby/gems/2.1.0/gems/web-console-2.2.1/lib/web_console/templates/index.html.erb (45.2ms)


Started POST "/users_url" for ::1 at 2016-01-26 13:18:18 -0500

ActionController::RoutingError (No route matches [POST] "/users_url"):
  actionpack (4.2.5) lib/action_dispatch/middleware/debug_exceptions.rb:21:in `call'
  web-console (2.2.1) lib/web_console/middleware.rb:39:in `call'
  actionpack (4.2.5) lib/action_dispatch/middleware/show_exceptions.rb:30:in `call'
  railties (4.2.5) lib/rails/rack/logger.rb:38:in `call_app'
  railties (4.2.5) lib/rails/rack/logger.rb:20:in `block in call'
  activesupport (4.2.5) lib/active_support/tagged_logging.rb:68:in `block in tagged'
  activesupport (4.2.5) lib/active_support/tagged_logging.rb:26:in `tagged'
  activesupport (4.2.5) lib/active_support/tagged_logging.rb:68:in `tagged'
  railties (4.2.5) lib/rails/rack/logger.rb:20:in `call'
  actionpack (4.2.5) lib/action_dispatch/middleware/request_id.rb:21:in `call'
  rack (1.6.4) lib/rack/methodoverride.rb:22:in `call'
  rack (1.6.4) lib/rack/runtime.rb:18:in `call'
  activesupport (4.2.5) lib/active_support/cache/strategy/local_cache_middleware.rb:28:in `call'
  rack (1.6.4) lib/rack/lock.rb:17:in `call'
  actionpack (4.2.5) lib/action_dispatch/middleware/static.rb:116:in `call'
  rack (1.6.4) lib/rack/sendfile.rb:113:in `call'
  railties (4.2.5) lib/rails/engine.rb:518:in `call'
  railties (4.2.5) lib/rails/application.rb:165:in `call'
  rack (1.6.4) lib/rack/lock.rb:17:in `call'
  rack (1.6.4) lib/rack/content_length.rb:15:in `call'
  rack (1.6.4) lib/rack/handler/webrick.rb:88:in `service'
  /usr/local/var/rbenv/versions/2.1.2/lib/ruby/2.1.0/webrick/httpserver.rb:138:in `service'
  /usr/local/var/rbenv/versions/2.1.2/lib/ruby/2.1.0/webrick/httpserver.rb:94:in `run'
  /usr/local/var/rbenv/versions/2.1.2/lib/ruby/2.1.0/webrick/server.rb:295:in `block in start_thread'


  Rendered /usr/local/var/rbenv/versions/2.1.2/lib/ruby/gems/2.1.0/gems/actionpack-4.2.5/lib/action_dispatch/middleware/templates/rescues/_trace.html.erb (1.5ms)
  Rendered /usr/local/var/rbenv/versions/2.1.2/lib/ruby/gems/2.1.0/gems/actionpack-4.2.5/lib/action_dispatch/middleware/templates/routes/_route.html.erb (0.7ms)
  Rendered /usr/local/var/rbenv/versions/2.1.2/lib/ruby/gems/2.1.0/gems/actionpack-4.2.5/lib/action_dispatch/middleware/templates/routes/_table.html.erb (1.1ms)
  Rendered /usr/local/var/rbenv/versions/2.1.2/lib/ruby/gems/2.1.0/gems/actionpack-4.2.5/lib/action_dispatch/middleware/templates/rescues/_request_and_response.html.erb (1.3ms)
  Rendered /usr/local/var/rbenv/versions/2.1.2/lib/ruby/gems/2.1.0/gems/actionpack-4.2.5/lib/action_dispatch/middleware/templates/rescues/routing_error.html.erb within rescues/layout (21.8ms)
  Rendered /usr/local/var/rbenv/versions/2.1.2/lib/ruby/gems/2.1.0/gems/web-console-2.2.1/lib/web_console/templates/_markup.html.erb (0.3ms)
  Rendered /usr/local/var/rbenv/versions/2.1.2/lib/ruby/gems/2.1.0/gems/web-console-2.2.1/lib/web_console/templates/_inner_console_markup.html.erb within layouts/inlined_string (0.4ms)
  Rendered /usr/local/var/rbenv/versions/2.1.2/lib/ruby/gems/2.1.0/gems/web-console-2.2.1/lib/web_console/templates/_prompt_box_markup.html.erb within layouts/inlined_string (0.3ms)
  Rendered /usr/local/var/rbenv/versions/2.1.2/lib/ruby/gems/2.1.0/gems/web-console-2.2.1/lib/web_console/templates/style.css.erb within layouts/inlined_string (0.3ms)
  Rendered /usr/local/var/rbenv/versions/2.1.2/lib/ruby/gems/2.1.0/gems/web-console-2.2.1/lib/web_console/templates/console.js.erb within layouts/javascript (14.5ms)
  Rendered /usr/local/var/rbenv/versions/2.1.2/lib/ruby/gems/2.1.0/gems/web-console-2.2.1/lib/web_console/templates/main.js.erb within layouts/javascript (0.4ms)
  Rendered /usr/local/var/rbenv/versions/2.1.2/lib/ruby/gems/2.1.0/gems/web-console-2.2.1/lib/web_console/templates/error_page.js.erb within layouts/javascript (0.5ms)
  Rendered /usr/local/var/rbenv/versions/2.1.2/lib/ruby/gems/2.1.0/gems/web-console-2.2.1/lib/web_console/templates/index.html.erb (32.2ms)


Started GET "/" for ::1 at 2016-01-26 13:18:22 -0500
Processing by StaticPagesController#homepage as HTML
  Rendered static_pages/homepage.html.erb within layouts/application (1.3ms)
Completed 200 OK in 72ms (Views: 51.1ms | ActiveRecord: 3.3ms)


Started GET "/assets/users.self-e3b0c44298fc1c149afbf4c8996fb92427ae41e4649b934ca495991b7852b855.css?body=1" for ::1 at 2016-01-26 13:18:22 -0500


Started GET "/assets/jquery_ujs.self-d602bdfe68ffc63b9f9cc512872aa3cfff046228a0a36e90dd476e8ef54c1b09.js?body=1" for ::1 at 2016-01-26 13:18:22 -0500


Started GET "/assets/jquery.self-c64a74367bda6ef8b860f19e74df08927ca99d2be2ac934e9e92d5fd361e0da4.js?body=1" for ::1 at 2016-01-26 13:18:22 -0500


Started GET "/assets/users.self-877aef30ae1b040ab8a3aba4e3e309a11d7f2612f44dde450b5c157aa5f95c05.js?body=1" for ::1 at 2016-01-26 13:18:22 -0500


Started GET "/assets/application.self-377610cd7c1509e934744c810e3b4cf672dfbcacac3274e7d039827e2ae0fcc7.js?body=1" for ::1 at 2016-01-26 13:18:22 -0500


Started GET "/assets/application.self-e80e8f2318043e8af94dddc2adad5a4f09739a8ebb323b3ab31cd71d45fd9113.css?body=1" for ::1 at 2016-01-26 13:18:22 -0500


Started POST "/users" for ::1 at 2016-01-26 13:20:08 -0500

SyntaxError - syntax error, unexpected ':', expecting keyword_end
      render: "static_pages/homepage"
             ^:
  app/controllers/users_controller.rb:10:in `'
  activesupport (4.2.5) lib/active_support/dependencies.rb:457:in `block in load_file'
  activesupport (4.2.5) lib/active_support/dependencies.rb:647:in `new_constants_in'
  activesupport (4.2.5) lib/active_support/dependencies.rb:456:in `load_file'
  activesupport (4.2.5) lib/active_support/dependencies.rb:354:in `require_or_load'
  activesupport (4.2.5) lib/active_support/dependencies.rb:494:in `load_missing_constant'
  activesupport (4.2.5) lib/active_support/dependencies.rb:184:in `const_missing'
  activesupport (4.2.5) lib/active_support/inflector/methods.rb:261:in `block in constantize'
  activesupport (4.2.5) lib/active_support/inflector/methods.rb:259:in `constantize'
  activesupport (4.2.5) lib/active_support/dependencies.rb:566:in `get'
  activesupport (4.2.5) lib/active_support/dependencies.rb:597:in `constantize'
  actionpack (4.2.5) lib/action_dispatch/routing/route_set.rb:72:in `controller_reference'
  actionpack (4.2.5) lib/action_dispatch/routing/route_set.rb:62:in `controller'
  actionpack (4.2.5) lib/action_dispatch/routing/route_set.rb:41:in `serve'
  actionpack (4.2.5) lib/action_dispatch/journey/router.rb:43:in `block in serve'
  actionpack (4.2.5) lib/action_dispatch/journey/router.rb:30:in `serve'
  actionpack (4.2.5) lib/action_dispatch/routing/route_set.rb:817:in `call'
  rack (1.6.4) lib/rack/etag.rb:24:in `call'
  rack (1.6.4) lib/rack/conditionalget.rb:38:in `call'
  rack (1.6.4) lib/rack/head.rb:13:in `call'
  actionpack (4.2.5) lib/action_dispatch/middleware/params_parser.rb:27:in `call'
  actionpack (4.2.5) lib/action_dispatch/middleware/flash.rb:260:in `call'
  rack (1.6.4) lib/rack/session/abstract/id.rb:225:in `context'
  rack (1.6.4) lib/rack/session/abstract/id.rb:220:in `call'
  actionpack (4.2.5) lib/action_dispatch/middleware/cookies.rb:560:in `call'
  activerecord (4.2.5) lib/active_record/query_cache.rb:36:in `call'
  activerecord (4.2.5) lib/active_record/connection_adapters/abstract/connection_pool.rb:653:in `call'
  activerecord (4.2.5) lib/active_record/migration.rb:377:in `call'
  actionpack (4.2.5) lib/action_dispatch/middleware/callbacks.rb:29:in `block in call'
  activesupport (4.2.5) lib/active_support/callbacks.rb:88:in `__run_callbacks__'
  activesupport (4.2.5) lib/active_support/callbacks.rb:778:in `_run_call_callbacks'
  activesupport (4.2.5) lib/active_support/callbacks.rb:81:in `run_callbacks'
  actionpack (4.2.5) lib/action_dispatch/middleware/callbacks.rb:27:in `call'
  actionpack (4.2.5) lib/action_dispatch/middleware/reloader.rb:73:in `call'
  actionpack (4.2.5) lib/action_dispatch/middleware/remote_ip.rb:78:in `call'
  better_errors (2.1.1) lib/better_errors/middleware.rb:84:in `protected_app_call'
  better_errors (2.1.1) lib/better_errors/middleware.rb:79:in `better_errors_call'
  better_errors (2.1.1) lib/better_errors/middleware.rb:57:in `call'
  actionpack (4.2.5) lib/action_dispatch/middleware/debug_exceptions.rb:17:in `call'
  web-console (2.2.1) lib/web_console/middleware.rb:39:in `call'
  actionpack (4.2.5) lib/action_dispatch/middleware/show_exceptions.rb:30:in `call'
  railties (4.2.5) lib/rails/rack/logger.rb:38:in `call_app'
  railties (4.2.5) lib/rails/rack/logger.rb:20:in `block in call'
  activesupport (4.2.5) lib/active_support/tagged_logging.rb:68:in `block in tagged'
  activesupport (4.2.5) lib/active_support/tagged_logging.rb:26:in `tagged'
  activesupport (4.2.5) lib/active_support/tagged_logging.rb:68:in `tagged'
  railties (4.2.5) lib/rails/rack/logger.rb:20:in `call'
  actionpack (4.2.5) lib/action_dispatch/middleware/request_id.rb:21:in `call'
  rack (1.6.4) lib/rack/methodoverride.rb:22:in `call'
  rack (1.6.4) lib/rack/runtime.rb:18:in `call'
  activesupport (4.2.5) lib/active_support/cache/strategy/local_cache_middleware.rb:28:in `call'
  rack (1.6.4) lib/rack/lock.rb:17:in `call'
  actionpack (4.2.5) lib/action_dispatch/middleware/static.rb:116:in `call'
  rack (1.6.4) lib/rack/sendfile.rb:113:in `call'
  railties (4.2.5) lib/rails/engine.rb:518:in `call'
  railties (4.2.5) lib/rails/application.rb:165:in `call'
  rack (1.6.4) lib/rack/lock.rb:17:in `call'
  rack (1.6.4) lib/rack/content_length.rb:15:in `call'
  rack (1.6.4) lib/rack/handler/webrick.rb:88:in `service'
  /usr/local/var/rbenv/versions/2.1.2/lib/ruby/2.1.0/webrick/httpserver.rb:138:in `service'
  /usr/local/var/rbenv/versions/2.1.2/lib/ruby/2.1.0/webrick/httpserver.rb:94:in `run'
  /usr/local/var/rbenv/versions/2.1.2/lib/ruby/2.1.0/webrick/server.rb:295:in `block in start_thread'



Started POST "/__better_errors/56258fa88ac8d466/variables" for ::1 at 2016-01-26 13:20:08 -0500


Started POST "/users" for ::1 at 2016-01-26 13:21:17 -0500
Processing by UsersController#create as HTML
  Parameters: {"user"=>{"first_name"=>"kagura", "last_name"=>"shin", "email"=>"kagura@shin.com", "password"=>"[FILTERED]"}}
Can't verify CSRF token authenticity
Completed 422 Unprocessable Entity in 1ms (ActiveRecord: 0.0ms)

ActionController::InvalidAuthenticityToken - ActionController::InvalidAuthenticityToken:
  actionpack (4.2.5) lib/action_controller/metal/request_forgery_protection.rb:181:in `handle_unverified_request'
  actionpack (4.2.5) lib/action_controller/metal/request_forgery_protection.rb:209:in `handle_unverified_request'
  actionpack (4.2.5) lib/action_controller/metal/request_forgery_protection.rb:204:in `verify_authenticity_token'
  activesupport (4.2.5) lib/active_support/callbacks.rb:432:in `block in make_lambda'
  activesupport (4.2.5) lib/active_support/callbacks.rb:164:in `block in halting'
  activesupport (4.2.5) lib/active_support/callbacks.rb:504:in `block in call'
  activesupport (4.2.5) lib/active_support/callbacks.rb:504:in `call'
  activesupport (4.2.5) lib/active_support/callbacks.rb:92:in `__run_callbacks__'
  activesupport (4.2.5) lib/active_support/callbacks.rb:778:in `_run_process_action_callbacks'
  activesupport (4.2.5) lib/active_support/callbacks.rb:81:in `run_callbacks'
  actionpack (4.2.5) lib/abstract_controller/callbacks.rb:19:in `process_action'
  actionpack (4.2.5) lib/action_controller/metal/rescue.rb:29:in `process_action'
  actionpack (4.2.5) lib/action_controller/metal/instrumentation.rb:32:in `block in process_action'
  activesupport (4.2.5) lib/active_support/notifications.rb:164:in `block in instrument'
  activesupport (4.2.5) lib/active_support/notifications/instrumenter.rb:20:in `instrument'
  activesupport (4.2.5) lib/active_support/notifications.rb:164:in `instrument'
  actionpack (4.2.5) lib/action_controller/metal/instrumentation.rb:30:in `process_action'
  actionpack (4.2.5) lib/action_controller/metal/params_wrapper.rb:250:in `process_action'
  activerecord (4.2.5) lib/active_record/railties/controller_runtime.rb:18:in `process_action'
  actionpack (4.2.5) lib/abstract_controller/base.rb:137:in `process'
  actionview (4.2.5) lib/action_view/rendering.rb:30:in `process'
  actionpack (4.2.5) lib/action_controller/metal.rb:196:in `dispatch'
  actionpack (4.2.5) lib/action_controller/metal/rack_delegation.rb:13:in `dispatch'
  actionpack (4.2.5) lib/action_controller/metal.rb:237:in `block in action'
  actionpack (4.2.5) lib/action_dispatch/routing/route_set.rb:76:in `dispatch'
  actionpack (4.2.5) lib/action_dispatch/routing/route_set.rb:45:in `serve'
  actionpack (4.2.5) lib/action_dispatch/journey/router.rb:43:in `block in serve'
  actionpack (4.2.5) lib/action_dispatch/journey/router.rb:30:in `serve'
  actionpack (4.2.5) lib/action_dispatch/routing/route_set.rb:817:in `call'
  rack (1.6.4) lib/rack/etag.rb:24:in `call'
  rack (1.6.4) lib/rack/conditionalget.rb:38:in `call'
  rack (1.6.4) lib/rack/head.rb:13:in `call'
  actionpack (4.2.5) lib/action_dispatch/middleware/params_parser.rb:27:in `call'
  actionpack (4.2.5) lib/action_dispatch/middleware/flash.rb:260:in `call'
  rack (1.6.4) lib/rack/session/abstract/id.rb:225:in `context'
  rack (1.6.4) lib/rack/session/abstract/id.rb:220:in `call'
  actionpack (4.2.5) lib/action_dispatch/middleware/cookies.rb:560:in `call'
  activerecord (4.2.5) lib/active_record/query_cache.rb:36:in `call'
  activerecord (4.2.5) lib/active_record/connection_adapters/abstract/connection_pool.rb:653:in `call'
  activerecord (4.2.5) lib/active_record/migration.rb:377:in `call'
  actionpack (4.2.5) lib/action_dispatch/middleware/callbacks.rb:29:in `block in call'
  activesupport (4.2.5) lib/active_support/callbacks.rb:88:in `__run_callbacks__'
  activesupport (4.2.5) lib/active_support/callbacks.rb:778:in `_run_call_callbacks'
  activesupport (4.2.5) lib/active_support/callbacks.rb:81:in `run_callbacks'
  actionpack (4.2.5) lib/action_dispatch/middleware/callbacks.rb:27:in `call'
  actionpack (4.2.5) lib/action_dispatch/middleware/reloader.rb:73:in `call'
  actionpack (4.2.5) lib/action_dispatch/middleware/remote_ip.rb:78:in `call'
  better_errors (2.1.1) lib/better_errors/middleware.rb:84:in `protected_app_call'
  better_errors (2.1.1) lib/better_errors/middleware.rb:79:in `better_errors_call'
  better_errors (2.1.1) lib/better_errors/middleware.rb:57:in `call'
  actionpack (4.2.5) lib/action_dispatch/middleware/debug_exceptions.rb:17:in `call'
  web-console (2.2.1) lib/web_console/middleware.rb:39:in `call'
  actionpack (4.2.5) lib/action_dispatch/middleware/show_exceptions.rb:30:in `call'
  railties (4.2.5) lib/rails/rack/logger.rb:38:in `call_app'
  railties (4.2.5) lib/rails/rack/logger.rb:20:in `block in call'
  activesupport (4.2.5) lib/active_support/tagged_logging.rb:68:in `block in tagged'
  activesupport (4.2.5) lib/active_support/tagged_logging.rb:26:in `tagged'
  activesupport (4.2.5) lib/active_support/tagged_logging.rb:68:in `tagged'
  railties (4.2.5) lib/rails/rack/logger.rb:20:in `call'
  actionpack (4.2.5) lib/action_dispatch/middleware/request_id.rb:21:in `call'
  rack (1.6.4) lib/rack/methodoverride.rb:22:in `call'
  rack (1.6.4) lib/rack/runtime.rb:18:in `call'
  activesupport (4.2.5) lib/active_support/cache/strategy/local_cache_middleware.rb:28:in `call'
  rack (1.6.4) lib/rack/lock.rb:17:in `call'
  actionpack (4.2.5) lib/action_dispatch/middleware/static.rb:116:in `call'
  rack (1.6.4) lib/rack/sendfile.rb:113:in `call'
  railties (4.2.5) lib/rails/engine.rb:518:in `call'
  railties (4.2.5) lib/rails/application.rb:165:in `call'
  rack (1.6.4) lib/rack/lock.rb:17:in `call'
  rack (1.6.4) lib/rack/content_length.rb:15:in `call'
  rack (1.6.4) lib/rack/handler/webrick.rb:88:in `service'
  /usr/local/var/rbenv/versions/2.1.2/lib/ruby/2.1.0/webrick/httpserver.rb:138:in `service'
  /usr/local/var/rbenv/versions/2.1.2/lib/ruby/2.1.0/webrick/httpserver.rb:94:in `run'
  /usr/local/var/rbenv/versions/2.1.2/lib/ruby/2.1.0/webrick/server.rb:295:in `block in start_thread'



Started POST "/__better_errors/05c5648f4b0e20aa/variables" for ::1 at 2016-01-26 13:21:18 -0500


Started POST "/users" for ::1 at 2016-01-26 13:22:19 -0500
Processing by UsersController#create as HTML
  Parameters: {"user"=>{"first_name"=>"kagura", "last_name"=>"shin", "email"=>"kagura@shin.com", "password"=>"[FILTERED]"}}
Can't verify CSRF token authenticity
Completed 422 Unprocessable Entity in 1ms (ActiveRecord: 0.0ms)

ActionController::InvalidAuthenticityToken - ActionController::InvalidAuthenticityToken:
  actionpack (4.2.5) lib/action_controller/metal/request_forgery_protection.rb:181:in `handle_unverified_request'
  actionpack (4.2.5) lib/action_controller/metal/request_forgery_protection.rb:209:in `handle_unverified_request'
  actionpack (4.2.5) lib/action_controller/metal/request_forgery_protection.rb:204:in `verify_authenticity_token'
  activesupport (4.2.5) lib/active_support/callbacks.rb:432:in `block in make_lambda'
  activesupport (4.2.5) lib/active_support/callbacks.rb:164:in `block in halting'
  activesupport (4.2.5) lib/active_support/callbacks.rb:504:in `block in call'
  activesupport (4.2.5) lib/active_support/callbacks.rb:504:in `call'
  activesupport (4.2.5) lib/active_support/callbacks.rb:92:in `__run_callbacks__'
  activesupport (4.2.5) lib/active_support/callbacks.rb:778:in `_run_process_action_callbacks'
  activesupport (4.2.5) lib/active_support/callbacks.rb:81:in `run_callbacks'
  actionpack (4.2.5) lib/abstract_controller/callbacks.rb:19:in `process_action'
  actionpack (4.2.5) lib/action_controller/metal/rescue.rb:29:in `process_action'
  actionpack (4.2.5) lib/action_controller/metal/instrumentation.rb:32:in `block in process_action'
  activesupport (4.2.5) lib/active_support/notifications.rb:164:in `block in instrument'
  activesupport (4.2.5) lib/active_support/notifications/instrumenter.rb:20:in `instrument'
  activesupport (4.2.5) lib/active_support/notifications.rb:164:in `instrument'
  actionpack (4.2.5) lib/action_controller/metal/instrumentation.rb:30:in `process_action'
  actionpack (4.2.5) lib/action_controller/metal/params_wrapper.rb:250:in `process_action'
  activerecord (4.2.5) lib/active_record/railties/controller_runtime.rb:18:in `process_action'
  actionpack (4.2.5) lib/abstract_controller/base.rb:137:in `process'
  actionview (4.2.5) lib/action_view/rendering.rb:30:in `process'
  actionpack (4.2.5) lib/action_controller/metal.rb:196:in `dispatch'
  actionpack (4.2.5) lib/action_controller/metal/rack_delegation.rb:13:in `dispatch'
  actionpack (4.2.5) lib/action_controller/metal.rb:237:in `block in action'
  actionpack (4.2.5) lib/action_dispatch/routing/route_set.rb:76:in `dispatch'
  actionpack (4.2.5) lib/action_dispatch/routing/route_set.rb:45:in `serve'
  actionpack (4.2.5) lib/action_dispatch/journey/router.rb:43:in `block in serve'
  actionpack (4.2.5) lib/action_dispatch/journey/router.rb:30:in `serve'
  actionpack (4.2.5) lib/action_dispatch/routing/route_set.rb:817:in `call'
  rack (1.6.4) lib/rack/etag.rb:24:in `call'
  rack (1.6.4) lib/rack/conditionalget.rb:38:in `call'
  rack (1.6.4) lib/rack/head.rb:13:in `call'
  actionpack (4.2.5) lib/action_dispatch/middleware/params_parser.rb:27:in `call'
  actionpack (4.2.5) lib/action_dispatch/middleware/flash.rb:260:in `call'
  rack (1.6.4) lib/rack/session/abstract/id.rb:225:in `context'
  rack (1.6.4) lib/rack/session/abstract/id.rb:220:in `call'
  actionpack (4.2.5) lib/action_dispatch/middleware/cookies.rb:560:in `call'
  activerecord (4.2.5) lib/active_record/query_cache.rb:36:in `call'
  activerecord (4.2.5) lib/active_record/connection_adapters/abstract/connection_pool.rb:653:in `call'
  activerecord (4.2.5) lib/active_record/migration.rb:377:in `call'
  actionpack (4.2.5) lib/action_dispatch/middleware/callbacks.rb:29:in `block in call'
  activesupport (4.2.5) lib/active_support/callbacks.rb:88:in `__run_callbacks__'
  activesupport (4.2.5) lib/active_support/callbacks.rb:778:in `_run_call_callbacks'
  activesupport (4.2.5) lib/active_support/callbacks.rb:81:in `run_callbacks'
  actionpack (4.2.5) lib/action_dispatch/middleware/callbacks.rb:27:in `call'
  actionpack (4.2.5) lib/action_dispatch/middleware/reloader.rb:73:in `call'
  actionpack (4.2.5) lib/action_dispatch/middleware/remote_ip.rb:78:in `call'
  better_errors (2.1.1) lib/better_errors/middleware.rb:84:in `protected_app_call'
  better_errors (2.1.1) lib/better_errors/middleware.rb:79:in `better_errors_call'
  better_errors (2.1.1) lib/better_errors/middleware.rb:57:in `call'
  actionpack (4.2.5) lib/action_dispatch/middleware/debug_exceptions.rb:17:in `call'
  web-console (2.2.1) lib/web_console/middleware.rb:39:in `call'
  actionpack (4.2.5) lib/action_dispatch/middleware/show_exceptions.rb:30:in `call'
  railties (4.2.5) lib/rails/rack/logger.rb:38:in `call_app'
  railties (4.2.5) lib/rails/rack/logger.rb:20:in `block in call'
  activesupport (4.2.5) lib/active_support/tagged_logging.rb:68:in `block in tagged'
  activesupport (4.2.5) lib/active_support/tagged_logging.rb:26:in `tagged'
  activesupport (4.2.5) lib/active_support/tagged_logging.rb:68:in `tagged'
  railties (4.2.5) lib/rails/rack/logger.rb:20:in `call'
  actionpack (4.2.5) lib/action_dispatch/middleware/request_id.rb:21:in `call'
  rack (1.6.4) lib/rack/methodoverride.rb:22:in `call'
  rack (1.6.4) lib/rack/runtime.rb:18:in `call'
  activesupport (4.2.5) lib/active_support/cache/strategy/local_cache_middleware.rb:28:in `call'
  rack (1.6.4) lib/rack/lock.rb:17:in `call'
  actionpack (4.2.5) lib/action_dispatch/middleware/static.rb:116:in `call'
  rack (1.6.4) lib/rack/sendfile.rb:113:in `call'
  railties (4.2.5) lib/rails/engine.rb:518:in `call'
  railties (4.2.5) lib/rails/application.rb:165:in `call'
  rack (1.6.4) lib/rack/lock.rb:17:in `call'
  rack (1.6.4) lib/rack/content_length.rb:15:in `call'
  rack (1.6.4) lib/rack/handler/webrick.rb:88:in `service'
  /usr/local/var/rbenv/versions/2.1.2/lib/ruby/2.1.0/webrick/httpserver.rb:138:in `service'
  /usr/local/var/rbenv/versions/2.1.2/lib/ruby/2.1.0/webrick/httpserver.rb:94:in `run'
  /usr/local/var/rbenv/versions/2.1.2/lib/ruby/2.1.0/webrick/server.rb:295:in `block in start_thread'



Started POST "/__better_errors/52130300a9912c19/variables" for ::1 at 2016-01-26 13:22:19 -0500


Started GET "/" for ::1 at 2016-01-26 13:22:23 -0500
Processing by StaticPagesController#homepage as HTML
  Rendered static_pages/homepage.html.erb within layouts/application (0.8ms)
Completed 200 OK in 21ms (Views: 12.6ms | ActiveRecord: 2.5ms)


Started GET "/assets/users.self-e3b0c44298fc1c149afbf4c8996fb92427ae41e4649b934ca495991b7852b855.css?body=1" for ::1 at 2016-01-26 13:22:23 -0500


Started GET "/assets/application.self-e80e8f2318043e8af94dddc2adad5a4f09739a8ebb323b3ab31cd71d45fd9113.css?body=1" for ::1 at 2016-01-26 13:22:23 -0500


Started GET "/assets/jquery.self-c64a74367bda6ef8b860f19e74df08927ca99d2be2ac934e9e92d5fd361e0da4.js?body=1" for ::1 at 2016-01-26 13:22:23 -0500


Started GET "/assets/users.self-877aef30ae1b040ab8a3aba4e3e309a11d7f2612f44dde450b5c157aa5f95c05.js?body=1" for ::1 at 2016-01-26 13:22:23 -0500


Started GET "/assets/application.self-377610cd7c1509e934744c810e3b4cf672dfbcacac3274e7d039827e2ae0fcc7.js?body=1" for ::1 at 2016-01-26 13:22:23 -0500


Started GET "/assets/jquery_ujs.self-d602bdfe68ffc63b9f9cc512872aa3cfff046228a0a36e90dd476e8ef54c1b09.js?body=1" for ::1 at 2016-01-26 13:22:23 -0500


Started POST "/users" for ::1 at 2016-01-26 13:22:42 -0500
Processing by UsersController#create as HTML
  Parameters: {"user"=>{"first_name"=>"Kagura", "last_name"=>"shin", "email"=>"kagura@shin.com", "password"=>"[FILTERED]"}}
Can't verify CSRF token authenticity
Completed 422 Unprocessable Entity in 1ms (ActiveRecord: 0.0ms)

ActionController::InvalidAuthenticityToken - ActionController::InvalidAuthenticityToken:
  actionpack (4.2.5) lib/action_controller/metal/request_forgery_protection.rb:181:in `handle_unverified_request'
  actionpack (4.2.5) lib/action_controller/metal/request_forgery_protection.rb:209:in `handle_unverified_request'
  actionpack (4.2.5) lib/action_controller/metal/request_forgery_protection.rb:204:in `verify_authenticity_token'
  activesupport (4.2.5) lib/active_support/callbacks.rb:432:in `block in make_lambda'
  activesupport (4.2.5) lib/active_support/callbacks.rb:164:in `block in halting'
  activesupport (4.2.5) lib/active_support/callbacks.rb:504:in `block in call'
  activesupport (4.2.5) lib/active_support/callbacks.rb:504:in `call'
  activesupport (4.2.5) lib/active_support/callbacks.rb:92:in `__run_callbacks__'
  activesupport (4.2.5) lib/active_support/callbacks.rb:778:in `_run_process_action_callbacks'
  activesupport (4.2.5) lib/active_support/callbacks.rb:81:in `run_callbacks'
  actionpack (4.2.5) lib/abstract_controller/callbacks.rb:19:in `process_action'
  actionpack (4.2.5) lib/action_controller/metal/rescue.rb:29:in `process_action'
  actionpack (4.2.5) lib/action_controller/metal/instrumentation.rb:32:in `block in process_action'
  activesupport (4.2.5) lib/active_support/notifications.rb:164:in `block in instrument'
  activesupport (4.2.5) lib/active_support/notifications/instrumenter.rb:20:in `instrument'
  activesupport (4.2.5) lib/active_support/notifications.rb:164:in `instrument'
  actionpack (4.2.5) lib/action_controller/metal/instrumentation.rb:30:in `process_action'
  actionpack (4.2.5) lib/action_controller/metal/params_wrapper.rb:250:in `process_action'
  activerecord (4.2.5) lib/active_record/railties/controller_runtime.rb:18:in `process_action'
  actionpack (4.2.5) lib/abstract_controller/base.rb:137:in `process'
  actionview (4.2.5) lib/action_view/rendering.rb:30:in `process'
  actionpack (4.2.5) lib/action_controller/metal.rb:196:in `dispatch'
  actionpack (4.2.5) lib/action_controller/metal/rack_delegation.rb:13:in `dispatch'
  actionpack (4.2.5) lib/action_controller/metal.rb:237:in `block in action'
  actionpack (4.2.5) lib/action_dispatch/routing/route_set.rb:76:in `dispatch'
  actionpack (4.2.5) lib/action_dispatch/routing/route_set.rb:45:in `serve'
  actionpack (4.2.5) lib/action_dispatch/journey/router.rb:43:in `block in serve'
  actionpack (4.2.5) lib/action_dispatch/journey/router.rb:30:in `serve'
  actionpack (4.2.5) lib/action_dispatch/routing/route_set.rb:817:in `call'
  rack (1.6.4) lib/rack/etag.rb:24:in `call'
  rack (1.6.4) lib/rack/conditionalget.rb:38:in `call'
  rack (1.6.4) lib/rack/head.rb:13:in `call'
  actionpack (4.2.5) lib/action_dispatch/middleware/params_parser.rb:27:in `call'
  actionpack (4.2.5) lib/action_dispatch/middleware/flash.rb:260:in `call'
  rack (1.6.4) lib/rack/session/abstract/id.rb:225:in `context'
  rack (1.6.4) lib/rack/session/abstract/id.rb:220:in `call'
  actionpack (4.2.5) lib/action_dispatch/middleware/cookies.rb:560:in `call'
  activerecord (4.2.5) lib/active_record/query_cache.rb:36:in `call'
  activerecord (4.2.5) lib/active_record/connection_adapters/abstract/connection_pool.rb:653:in `call'
  activerecord (4.2.5) lib/active_record/migration.rb:377:in `call'
  actionpack (4.2.5) lib/action_dispatch/middleware/callbacks.rb:29:in `block in call'
  activesupport (4.2.5) lib/active_support/callbacks.rb:88:in `__run_callbacks__'
  activesupport (4.2.5) lib/active_support/callbacks.rb:778:in `_run_call_callbacks'
  activesupport (4.2.5) lib/active_support/callbacks.rb:81:in `run_callbacks'
  actionpack (4.2.5) lib/action_dispatch/middleware/callbacks.rb:27:in `call'
  actionpack (4.2.5) lib/action_dispatch/middleware/reloader.rb:73:in `call'
  actionpack (4.2.5) lib/action_dispatch/middleware/remote_ip.rb:78:in `call'
  better_errors (2.1.1) lib/better_errors/middleware.rb:84:in `protected_app_call'
  better_errors (2.1.1) lib/better_errors/middleware.rb:79:in `better_errors_call'
  better_errors (2.1.1) lib/better_errors/middleware.rb:57:in `call'
  actionpack (4.2.5) lib/action_dispatch/middleware/debug_exceptions.rb:17:in `call'
  web-console (2.2.1) lib/web_console/middleware.rb:39:in `call'
  actionpack (4.2.5) lib/action_dispatch/middleware/show_exceptions.rb:30:in `call'
  railties (4.2.5) lib/rails/rack/logger.rb:38:in `call_app'
  railties (4.2.5) lib/rails/rack/logger.rb:20:in `block in call'
  activesupport (4.2.5) lib/active_support/tagged_logging.rb:68:in `block in tagged'
  activesupport (4.2.5) lib/active_support/tagged_logging.rb:26:in `tagged'
  activesupport (4.2.5) lib/active_support/tagged_logging.rb:68:in `tagged'
  railties (4.2.5) lib/rails/rack/logger.rb:20:in `call'
  actionpack (4.2.5) lib/action_dispatch/middleware/request_id.rb:21:in `call'
  rack (1.6.4) lib/rack/methodoverride.rb:22:in `call'
  rack (1.6.4) lib/rack/runtime.rb:18:in `call'
  activesupport (4.2.5) lib/active_support/cache/strategy/local_cache_middleware.rb:28:in `call'
  rack (1.6.4) lib/rack/lock.rb:17:in `call'
  actionpack (4.2.5) lib/action_dispatch/middleware/static.rb:116:in `call'
  rack (1.6.4) lib/rack/sendfile.rb:113:in `call'
  railties (4.2.5) lib/rails/engine.rb:518:in `call'
  railties (4.2.5) lib/rails/application.rb:165:in `call'
  rack (1.6.4) lib/rack/lock.rb:17:in `call'
  rack (1.6.4) lib/rack/content_length.rb:15:in `call'
  rack (1.6.4) lib/rack/handler/webrick.rb:88:in `service'
  /usr/local/var/rbenv/versions/2.1.2/lib/ruby/2.1.0/webrick/httpserver.rb:138:in `service'
  /usr/local/var/rbenv/versions/2.1.2/lib/ruby/2.1.0/webrick/httpserver.rb:94:in `run'
  /usr/local/var/rbenv/versions/2.1.2/lib/ruby/2.1.0/webrick/server.rb:295:in `block in start_thread'



Started POST "/__better_errors/26311afc04856343/variables" for ::1 at 2016-01-26 13:22:42 -0500


Started POST "/users" for ::1 at 2016-01-26 13:25:07 -0500
Processing by UsersController#create as HTML
  Parameters: {"user"=>{"first_name"=>"Kagura", "last_name"=>"shin", "email"=>"kagura@shin.com", "password"=>"[FILTERED]"}}
Completed 500 Internal Server Error in 12ms (ActiveRecord: 2.6ms)

ActiveRecord::UnknownAttributeError - unknown attribute 'password' for User.:
  activerecord (4.2.5) lib/active_record/attribute_assignment.rb:59:in `rescue in _assign_attribute'
  activerecord (4.2.5) lib/active_record/attribute_assignment.rb:54:in `_assign_attribute'
  activerecord (4.2.5) lib/active_record/attribute_assignment.rb:41:in `block in assign_attributes'
  actionpack (4.2.5) lib/action_controller/metal/strong_parameters.rb:185:in `each_pair'
  activerecord (4.2.5) lib/active_record/attribute_assignment.rb:35:in `assign_attributes'
  activerecord (4.2.5) lib/active_record/core.rb:566:in `init_attributes'
  activerecord (4.2.5) lib/active_record/core.rb:281:in `initialize'
  activerecord (4.2.5) lib/active_record/inheritance.rb:61:in `new'
  app/controllers/users_controller.rb:4:in `create'
  actionpack (4.2.5) lib/action_controller/metal/implicit_render.rb:4:in `send_action'
  actionpack (4.2.5) lib/abstract_controller/base.rb:198:in `process_action'
  actionpack (4.2.5) lib/action_controller/metal/rendering.rb:10:in `process_action'
  actionpack (4.2.5) lib/abstract_controller/callbacks.rb:20:in `block in process_action'
  activesupport (4.2.5) lib/active_support/callbacks.rb:88:in `__run_callbacks__'
  activesupport (4.2.5) lib/active_support/callbacks.rb:778:in `_run_process_action_callbacks'
  activesupport (4.2.5) lib/active_support/callbacks.rb:81:in `run_callbacks'
  actionpack (4.2.5) lib/abstract_controller/callbacks.rb:19:in `process_action'
  actionpack (4.2.5) lib/action_controller/metal/rescue.rb:29:in `process_action'
  actionpack (4.2.5) lib/action_controller/metal/instrumentation.rb:32:in `block in process_action'
  activesupport (4.2.5) lib/active_support/notifications.rb:164:in `block in instrument'
  activesupport (4.2.5) lib/active_support/notifications/instrumenter.rb:20:in `instrument'
  activesupport (4.2.5) lib/active_support/notifications.rb:164:in `instrument'
  actionpack (4.2.5) lib/action_controller/metal/instrumentation.rb:30:in `process_action'
  actionpack (4.2.5) lib/action_controller/metal/params_wrapper.rb:250:in `process_action'
  activerecord (4.2.5) lib/active_record/railties/controller_runtime.rb:18:in `process_action'
  actionpack (4.2.5) lib/abstract_controller/base.rb:137:in `process'
  actionview (4.2.5) lib/action_view/rendering.rb:30:in `process'
  actionpack (4.2.5) lib/action_controller/metal.rb:196:in `dispatch'
  actionpack (4.2.5) lib/action_controller/metal/rack_delegation.rb:13:in `dispatch'
  actionpack (4.2.5) lib/action_controller/metal.rb:237:in `block in action'
  actionpack (4.2.5) lib/action_dispatch/routing/route_set.rb:76:in `dispatch'
  actionpack (4.2.5) lib/action_dispatch/routing/route_set.rb:45:in `serve'
  actionpack (4.2.5) lib/action_dispatch/journey/router.rb:43:in `block in serve'
  actionpack (4.2.5) lib/action_dispatch/journey/router.rb:30:in `serve'
  actionpack (4.2.5) lib/action_dispatch/routing/route_set.rb:817:in `call'
  rack (1.6.4) lib/rack/etag.rb:24:in `call'
  rack (1.6.4) lib/rack/conditionalget.rb:38:in `call'
  rack (1.6.4) lib/rack/head.rb:13:in `call'
  actionpack (4.2.5) lib/action_dispatch/middleware/params_parser.rb:27:in `call'
  actionpack (4.2.5) lib/action_dispatch/middleware/flash.rb:260:in `call'
  rack (1.6.4) lib/rack/session/abstract/id.rb:225:in `context'
  rack (1.6.4) lib/rack/session/abstract/id.rb:220:in `call'
  actionpack (4.2.5) lib/action_dispatch/middleware/cookies.rb:560:in `call'
  activerecord (4.2.5) lib/active_record/query_cache.rb:36:in `call'
  activerecord (4.2.5) lib/active_record/connection_adapters/abstract/connection_pool.rb:653:in `call'
  activerecord (4.2.5) lib/active_record/migration.rb:377:in `call'
  actionpack (4.2.5) lib/action_dispatch/middleware/callbacks.rb:29:in `block in call'
  activesupport (4.2.5) lib/active_support/callbacks.rb:88:in `__run_callbacks__'
  activesupport (4.2.5) lib/active_support/callbacks.rb:778:in `_run_call_callbacks'
  activesupport (4.2.5) lib/active_support/callbacks.rb:81:in `run_callbacks'
  actionpack (4.2.5) lib/action_dispatch/middleware/callbacks.rb:27:in `call'
  actionpack (4.2.5) lib/action_dispatch/middleware/reloader.rb:73:in `call'
  actionpack (4.2.5) lib/action_dispatch/middleware/remote_ip.rb:78:in `call'
  better_errors (2.1.1) lib/better_errors/middleware.rb:84:in `protected_app_call'
  better_errors (2.1.1) lib/better_errors/middleware.rb:79:in `better_errors_call'
  better_errors (2.1.1) lib/better_errors/middleware.rb:57:in `call'
  actionpack (4.2.5) lib/action_dispatch/middleware/debug_exceptions.rb:17:in `call'
  web-console (2.2.1) lib/web_console/middleware.rb:39:in `call'
  actionpack (4.2.5) lib/action_dispatch/middleware/show_exceptions.rb:30:in `call'
  railties (4.2.5) lib/rails/rack/logger.rb:38:in `call_app'
  railties (4.2.5) lib/rails/rack/logger.rb:20:in `block in call'
  activesupport (4.2.5) lib/active_support/tagged_logging.rb:68:in `block in tagged'
  activesupport (4.2.5) lib/active_support/tagged_logging.rb:26:in `tagged'
  activesupport (4.2.5) lib/active_support/tagged_logging.rb:68:in `tagged'
  railties (4.2.5) lib/rails/rack/logger.rb:20:in `call'
  actionpack (4.2.5) lib/action_dispatch/middleware/request_id.rb:21:in `call'
  rack (1.6.4) lib/rack/methodoverride.rb:22:in `call'
  rack (1.6.4) lib/rack/runtime.rb:18:in `call'
  activesupport (4.2.5) lib/active_support/cache/strategy/local_cache_middleware.rb:28:in `call'
  rack (1.6.4) lib/rack/lock.rb:17:in `call'
  actionpack (4.2.5) lib/action_dispatch/middleware/static.rb:116:in `call'
  rack (1.6.4) lib/rack/sendfile.rb:113:in `call'
  railties (4.2.5) lib/rails/engine.rb:518:in `call'
  railties (4.2.5) lib/rails/application.rb:165:in `call'
  rack (1.6.4) lib/rack/lock.rb:17:in `call'
  rack (1.6.4) lib/rack/content_length.rb:15:in `call'
  rack (1.6.4) lib/rack/handler/webrick.rb:88:in `service'
  /usr/local/var/rbenv/versions/2.1.2/lib/ruby/2.1.0/webrick/httpserver.rb:138:in `service'
  /usr/local/var/rbenv/versions/2.1.2/lib/ruby/2.1.0/webrick/httpserver.rb:94:in `run'
  /usr/local/var/rbenv/versions/2.1.2/lib/ruby/2.1.0/webrick/server.rb:295:in `block in start_thread'



Started POST "/__better_errors/026e4869e8d2c960/variables" for ::1 at 2016-01-26 13:25:07 -0500


Started POST "/__better_errors/026e4869e8d2c960/eval" for ::1 at 2016-01-26 13:25:18 -0500
